Using pre-set license
Built from '2020.3/release' branch; Version is '2020.3.1f1 (77a89f25062f) revision 7841951'; Using compiler version '192528614'; Build Type 'Release'
OS: 'Windows 10 Pro; OS build 19042.1348; Version 2009; 64bit' Language: 'en' Physical Memory: 16310 MB
BatchMode: 1, IsHumanControllingUs: 0, StartBugReporterOnCrash: 0, Is64bit: 1, IsPro: 0

 COMMAND LINE ARGUMENTS:
C:\Program Files\Unity\Hub\Editor\2020.3.1f1\Editor\Unity.exe
-adb2
-batchMode
-noUpm
-name
AssetImportWorker0
-projectPath
C:/Unity/Argon Assault
-logFile
Logs/AssetImportWorker0.log
-srvPort
50535
Successfully changed project path to: C:/Unity/Argon Assault
C:/Unity/Argon Assault
Using Asset Import Pipeline V2.
Refreshing native plugins compatible for Editor in 24.54 ms, found 0 plugins.
Preloading 0 native plugins for Editor in 0.00 ms.
Initialize engine version: 2020.3.1f1 (77a89f25062f)
[Subsystems] Discovering subsystems at path C:/Program Files/Unity/Hub/Editor/2020.3.1f1/Editor/Data/Resources/UnitySubsystems
[Subsystems] Discovering subsystems at path C:/Unity/Argon Assault/Assets
GfxDevice: creating device client; threaded=0
Direct3D:
    Version:  Direct3D 11.0 [level 11.1]
    Renderer: NVIDIA GeForce GTX 1660 (ID=0x2184)
    Vendor:   
    VRAM:     5991 MB
    Driver:   27.21.14.5751
Initialize mono
Mono path[0] = 'C:/Program Files/Unity/Hub/Editor/2020.3.1f1/Editor/Data/Managed'
Mono path[1] = 'C:/Program Files/Unity/Hub/Editor/2020.3.1f1/Editor/Data/MonoBleedingEdge/lib/mono/unityjit'
Mono config path = 'C:/Program Files/Unity/Hub/Editor/2020.3.1f1/Editor/Data/MonoBleedingEdge/etc'
Using monoOptions --debugger-agent=transport=dt_socket,embedding=1,server=y,suspend=n,address=127.0.0.1:56556
Begin MonoManager ReloadAssembly
Registering precompiled unity dll's ...
Register platform support module: C:/Program Files/Unity/Hub/Editor/2020.3.1f1/Editor/Data/PlaybackEngines/WebGLSupport/UnityEditor.WebGL.Extensions.dll
Register platform support module: C:/Program Files/Unity/Hub/Editor/2020.3.1f1/Editor/Data/PlaybackEngines/WindowsStandaloneSupport/UnityEditor.WindowsStandalone.Extensions.dll
Registered in 0.002124 seconds.
Native extension for WindowsStandalone target not found
Native extension for WebGL target not found
Refreshing native plugins compatible for Editor in 24.01 ms, found 0 plugins.
Preloading 0 native plugins for Editor in 0.00 ms.
Invoked RoslynAnalysisRunner static constructor.
RoslynAnalysisRunner will not be running.
RoslynAnalysisRunner has terminated.
Mono: successfully reloaded assembly
- Completed reload, in  0.961 seconds
Platform modules already initialized, skipping
Registering precompiled user dll's ...
Registered in 0.000745 seconds.
Begin MonoManager ReloadAssembly
Native extension for WindowsStandalone target not found
Native extension for WebGL target not found
Refreshing native plugins compatible for Editor in 24.47 ms, found 0 plugins.
Preloading 0 native plugins for Editor in 0.00 ms.
Invoked RoslynAnalysisRunner static constructor.
RoslynAnalysisRunner will not be running.
RoslynAnalysisRunner has terminated.
Mono: successfully reloaded assembly
- Completed reload, in  0.875 seconds
Platform modules already initialized, skipping
========================================================================
Worker process is ready to serve import requests
Launched and connected shader compiler UnityShaderCompiler.exe after 0.04 seconds
Refreshing native plugins compatible for Editor in 0.29 ms, found 0 plugins.
Preloading 0 native plugins for Editor in 0.00 ms.
Unloading 1306 Unused Serialized files (Serialized files now loaded: 0)
System memory in use before: 82.2 MB.
System memory in use after: 82.1 MB.

Unloading 23 unused Assets to reduce memory usage. Loaded Objects now: 1779.
Total: 2.121000 ms (FindLiveObjects: 0.198900 ms CreateObjectMapping: 0.034800 ms MarkObjects: 1.627000 ms  DeleteObjects: 0.259000 ms)

========================================================================
Received Import Request.
  path: Assets/Experimenting
  artifactKey: Guid(f5f19deed081f3c4b8c1c803504d24d1) Importer(815301076,1909f56bfc062723c751e8b465ee728b)
Start importing Assets/Experimenting using Guid(f5f19deed081f3c4b8c1c803504d24d1) Importer(815301076,1909f56bfc062723c751e8b465ee728b)  -> (artifact id: '8c5aece2456230633b1fcfba032cc830') in 0.009146 seconds
  Import took 0.011193 seconds .

========================================================================
Received Import Request.
  Time since last request: 5.097062 seconds.
  path: Assets/Experimenting/Plane.prefab
  artifactKey: Guid(2e1896af2d7cc3a4e9b47045f66a9c57) Importer(815301076,1909f56bfc062723c751e8b465ee728b)
Start importing Assets/Experimenting/Plane.prefab using Guid(2e1896af2d7cc3a4e9b47045f66a9c57) Importer(815301076,1909f56bfc062723c751e8b465ee728b)  -> (artifact id: '3519bdc70e5e8b0ade4e57167f1532b7') in 0.078785 seconds
  Import took 0.081245 seconds .

========================================================================
Received Import Request.
  Time since last request: 14.555865 seconds.
  path: Assets/Experimenting/Ground.mat
  artifactKey: Guid(f1bffcdc09e8f8146abb982970a8df2e) Importer(815301076,1909f56bfc062723c751e8b465ee728b)
Start importing Assets/Experimenting/Ground.mat using Guid(f1bffcdc09e8f8146abb982970a8df2e) Importer(815301076,1909f56bfc062723c751e8b465ee728b)  -> (artifact id: '36e1b6fc0c655e4670f10d50e5e7d0d5') in 0.027422 seconds
  Import took 0.029634 seconds .

========================================================================
Received Import Request.
  Time since last request: 12.139043 seconds.
  path: Assets/Experimenting/Object.mat
  artifactKey: Guid(4f0599bed670e8e48a8fe77fe641a838) Importer(815301076,1909f56bfc062723c751e8b465ee728b)
Start importing Assets/Experimenting/Object.mat using Guid(4f0599bed670e8e48a8fe77fe641a838) Importer(815301076,1909f56bfc062723c751e8b465ee728b)  -> (artifact id: '548797d779653f48a6f8524dc75a4db1') in 0.016401 seconds
  Import took 0.018746 seconds .

========================================================================
Received Import Request.
  Time since last request: 50.640244 seconds.
  path: Assets/Experimenting/Cube.prefab
  artifactKey: Guid(9a5e2d0919e72a84db1e522a13eb2ed0) Importer(815301076,1909f56bfc062723c751e8b465ee728b)
Start importing Assets/Experimenting/Cube.prefab using Guid(9a5e2d0919e72a84db1e522a13eb2ed0) Importer(815301076,1909f56bfc062723c751e8b465ee728b)  -> (artifact id: '1292f436bebdf7fec65c5fe622fcb33d') in 0.010666 seconds
  Import took 0.013723 seconds .

AssetImportWorkerClient::OnTransportError - code=2 error=End of file
