Using pre-set license
Built from '2020.3/release' branch; Version is '2020.3.1f1 (77a89f25062f) revision 7841951'; Using compiler version '192528614'; Build Type 'Release'
OS: 'Windows 10 Pro; OS build 19042.1415; Version 2009; 64bit' Language: 'en' Physical Memory: 16310 MB
BatchMode: 1, IsHumanControllingUs: 0, StartBugReporterOnCrash: 0, Is64bit: 1, IsPro: 0

 COMMAND LINE ARGUMENTS:
C:\Program Files\Unity\Hub\Editor\2020.3.1f1\Editor\Unity.exe
-adb2
-batchMode
-noUpm
-name
AssetImportWorker0
-projectPath
C:/Unity/Argon Assault
-logFile
Logs/AssetImportWorker0.log
-srvPort
58177
Successfully changed project path to: C:/Unity/Argon Assault
C:/Unity/Argon Assault
Using Asset Import Pipeline V2.
Refreshing native plugins compatible for Editor in 27.25 ms, found 0 plugins.
Preloading 0 native plugins for Editor in 0.00 ms.
Initialize engine version: 2020.3.1f1 (77a89f25062f)
[Subsystems] Discovering subsystems at path C:/Program Files/Unity/Hub/Editor/2020.3.1f1/Editor/Data/Resources/UnitySubsystems
[Subsystems] Discovering subsystems at path C:/Unity/Argon Assault/Assets
GfxDevice: creating device client; threaded=0
Direct3D:
    Version:  Direct3D 11.0 [level 11.1]
    Renderer: NVIDIA GeForce GTX 1660 (ID=0x2184)
    Vendor:   
    VRAM:     5991 MB
    Driver:   27.21.14.5751
Initialize mono
Mono path[0] = 'C:/Program Files/Unity/Hub/Editor/2020.3.1f1/Editor/Data/Managed'
Mono path[1] = 'C:/Program Files/Unity/Hub/Editor/2020.3.1f1/Editor/Data/MonoBleedingEdge/lib/mono/unityjit'
Mono config path = 'C:/Program Files/Unity/Hub/Editor/2020.3.1f1/Editor/Data/MonoBleedingEdge/etc'
Using monoOptions --debugger-agent=transport=dt_socket,embedding=1,server=y,suspend=n,address=127.0.0.1:56084
Begin MonoManager ReloadAssembly
Registering precompiled unity dll's ...
Register platform support module: C:/Program Files/Unity/Hub/Editor/2020.3.1f1/Editor/Data/PlaybackEngines/WebGLSupport/UnityEditor.WebGL.Extensions.dll
Register platform support module: C:/Program Files/Unity/Hub/Editor/2020.3.1f1/Editor/Data/PlaybackEngines/WindowsStandaloneSupport/UnityEditor.WindowsStandalone.Extensions.dll
Registered in 0.002155 seconds.
Native extension for WindowsStandalone target not found
Native extension for WebGL target not found
Refreshing native plugins compatible for Editor in 27.64 ms, found 0 plugins.
Preloading 0 native plugins for Editor in 0.00 ms.
Invoked RoslynAnalysisRunner static constructor.
RoslynAnalysisRunner will not be running.
RoslynAnalysisRunner has terminated.
Mono: successfully reloaded assembly
- Completed reload, in  0.985 seconds
Platform modules already initialized, skipping
Registering precompiled user dll's ...
Registered in 0.000576 seconds.
Begin MonoManager ReloadAssembly
Native extension for WindowsStandalone target not found
Native extension for WebGL target not found
Refreshing native plugins compatible for Editor in 25.76 ms, found 0 plugins.
Preloading 0 native plugins for Editor in 0.00 ms.
Invoked RoslynAnalysisRunner static constructor.
RoslynAnalysisRunner will not be running.
RoslynAnalysisRunner has terminated.
Mono: successfully reloaded assembly
- Completed reload, in  0.912 seconds
Platform modules already initialized, skipping
========================================================================
Worker process is ready to serve import requests
Launched and connected shader compiler UnityShaderCompiler.exe after 0.03 seconds
Refreshing native plugins compatible for Editor in 0.41 ms, found 0 plugins.
Preloading 0 native plugins for Editor in 0.00 ms.
Unloading 1306 Unused Serialized files (Serialized files now loaded: 0)
System memory in use before: 82.2 MB.
System memory in use after: 82.1 MB.

Unloading 23 unused Assets to reduce memory usage. Loaded Objects now: 1779.
Total: 2.344900 ms (FindLiveObjects: 0.323300 ms CreateObjectMapping: 0.049100 ms MarkObjects: 1.761700 ms  DeleteObjects: 0.209500 ms)

========================================================================
Received Import Request.
  path: Assets/Timeline/Master Timeline.playable
  artifactKey: Guid(9a39273d18eada84a83493ba3315592b) Importer(815301076,1909f56bfc062723c751e8b465ee728b)
Start importing Assets/Timeline/Master Timeline.playable using Guid(9a39273d18eada84a83493ba3315592b) Importer(815301076,1909f56bfc062723c751e8b465ee728b)  -> (artifact id: 'f377b850982d3fcada88b06a33190e5e') in 0.044249 seconds
  Import took 0.047128 seconds .

========================================================================
Received Import Request.
  Time since last request: 37.988127 seconds.
  path: Assets/Scenes/New Terrain.asset
  artifactKey: Guid(676d0b866f58f7c4e99148fcbce4db9a) Importer(815301076,1909f56bfc062723c751e8b465ee728b)
Start importing Assets/Scenes/New Terrain.asset using Guid(676d0b866f58f7c4e99148fcbce4db9a) Importer(815301076,1909f56bfc062723c751e8b465ee728b) Tree prefab at index 0 is missing.

Tree prefab at index 1 is missing.

Tree prefab at index 2 is missing.

Tree prefab at index 3 is missing.

 -> (artifact id: '2d113929c95f1d04f6f57f6260f3c46a') in 0.047105 seconds
  Import took 0.049635 seconds .

========================================================================
Received Prepare
Registering precompiled user dll's ...
Registered in 0.000717 seconds.
Begin MonoManager ReloadAssembly
Native extension for WindowsStandalone target not found
Native extension for WebGL target not found
Refreshing native plugins compatible for Editor in 0.32 ms, found 0 plugins.
Preloading 0 native plugins for Editor in 0.00 ms.
Invoked RoslynAnalysisRunner static constructor.
RoslynAnalysisRunner will not be running.
RoslynAnalysisRunner has terminated.
Mono: successfully reloaded assembly
- Completed reload, in  0.798 seconds
Platform modules already initialized, skipping
Refreshing native plugins compatible for Editor in 0.28 ms, found 0 plugins.
Preloading 0 native plugins for Editor in 0.00 ms.
Unloading 1264 Unused Serialized files (Serialized files now loaded: 0)
System memory in use before: 79.5 MB.
System memory in use after: 79.4 MB.

Unloading 8 unused Assets to reduce memory usage. Loaded Objects now: 1784.
Total: 1.928200 ms (FindLiveObjects: 0.231800 ms CreateObjectMapping: 0.034100 ms MarkObjects: 1.482300 ms  DeleteObjects: 0.179100 ms)

========================================================================
Received Import Request.
  Time since last request: 255.306590 seconds.
  path: Assets/Timeline/Master Timeline.playable
  artifactKey: Guid(9a39273d18eada84a83493ba3315592b) Importer(815301076,1909f56bfc062723c751e8b465ee728b)
Start importing Assets/Timeline/Master Timeline.playable using Guid(9a39273d18eada84a83493ba3315592b) Importer(815301076,1909f56bfc062723c751e8b465ee728b)  -> (artifact id: '22cb18709f18bc34402ac3fed721d781') in 0.023014 seconds
  Import took 0.025394 seconds .

